0 info it worked if it ends with ok
1 verbose cli [ 'C:\\Program Files\\nodejs\\node.exe',
1 verbose cli   'C:\\Program Files\\nodejs\\node_modules\\npm\\bin\\npm-cli.js',
1 verbose cli   'install',
1 verbose cli   'express@>=4.0.0<4.0.0',
1 verbose cli   '--save' ]
2 info using npm@3.10.10
3 info using node@v6.11.4
4 silly loadCurrentTree Starting
5 silly install loadCurrentTree
6 silly install readLocalPackageData
7 silly fetchPackageMetaData express@>=4.0.0<4.0.0
8 silly fetchNamedPackageData express
9 silly mapToRegistry name express
10 silly mapToRegistry using default registry
11 silly mapToRegistry registry https://registry.npmjs.org/
12 silly mapToRegistry data Result {
12 silly mapToRegistry   raw: 'express',
12 silly mapToRegistry   scope: null,
12 silly mapToRegistry   escapedName: 'express',
12 silly mapToRegistry   name: 'express',
12 silly mapToRegistry   rawSpec: '',
12 silly mapToRegistry   spec: 'latest',
12 silly mapToRegistry   type: 'tag' }
13 silly mapToRegistry uri https://registry.npmjs.org/express
14 verbose request uri https://registry.npmjs.org/express
15 verbose request no auth needed
16 info attempt registry request try #1 at 15:01:18
17 verbose request id 645ba37f1bdb8dc3
18 verbose etag W/"59d4bfeb-92594"
19 verbose lastModified Wed, 04 Oct 2017 11:03:07 GMT
20 http request GET https://registry.npmjs.org/express
21 http 304 https://registry.npmjs.org/express
22 verbose headers { date: 'Wed, 04 Oct 2017 18:01:20 GMT',
22 verbose headers   via: '1.1 varnish',
22 verbose headers   'cache-control': 'max-age=300',
22 verbose headers   etag: 'W/"59d4bfeb-92594"',
22 verbose headers   age: '190',
22 verbose headers   connection: 'keep-alive',
22 verbose headers   'x-served-by': 'cache-gru17132-GRU',
22 verbose headers   'x-cache': 'HIT',
22 verbose headers   'x-cache-hits': '6',
22 verbose headers   'x-timer': 'S1507140080.085666,VS0,VE0',
22 verbose headers   vary: 'Accept-Encoding, Accept' }
23 silly get cb [ 304,
23 silly get   { date: 'Wed, 04 Oct 2017 18:01:20 GMT',
23 silly get     via: '1.1 varnish',
23 silly get     'cache-control': 'max-age=300',
23 silly get     etag: 'W/"59d4bfeb-92594"',
23 silly get     age: '190',
23 silly get     connection: 'keep-alive',
23 silly get     'x-served-by': 'cache-gru17132-GRU',
23 silly get     'x-cache': 'HIT',
23 silly get     'x-cache-hits': '6',
23 silly get     'x-timer': 'S1507140080.085666,VS0,VE0',
23 silly get     vary: 'Accept-Encoding, Accept' } ]
24 verbose etag https://registry.npmjs.org/express from cache
25 verbose get saving express to C:\Users\sbt36831\AppData\Roaming\npm-cache\registry.npmjs.org\express\.cache.json
26 verbose correctMkdir C:\Users\sbt36831\AppData\Roaming\npm-cache correctMkdir not in flight; initializing
27 silly fetchNamedPackageData No valid target from cache, forcing network
28 verbose request uri https://registry.npmjs.org/express
29 verbose request no auth needed
30 info attempt registry request try #1 at 15:01:19
31 http request GET https://registry.npmjs.org/express
32 http 200 https://registry.npmjs.org/express
33 verbose headers { server: 'nginx/1.10.1',
33 verbose headers   'content-type': 'application/json',
33 verbose headers   'last-modified': 'Wed, 04 Oct 2017 11:03:07 GMT',
33 verbose headers   etag: 'W/"59d4bfeb-92594"',
33 verbose headers   'content-encoding': 'gzip',
33 verbose headers   'cache-control': 'max-age=300',
33 verbose headers   'content-length': '46433',
33 verbose headers   'accept-ranges': 'bytes',
33 verbose headers   date: 'Wed, 04 Oct 2017 18:01:20 GMT',
33 verbose headers   via: '1.1 varnish',
33 verbose headers   age: '190',
33 verbose headers   connection: 'keep-alive',
33 verbose headers   'x-served-by': 'cache-gru17132-GRU',
33 verbose headers   'x-cache': 'HIT',
33 verbose headers   'x-cache-hits': '7',
33 verbose headers   'x-timer': 'S1507140080.169657,VS0,VE0',
33 verbose headers   vary: 'Accept-Encoding, Accept' }
34 silly get cb [ 200,
34 silly get   { server: 'nginx/1.10.1',
34 silly get     'content-type': 'application/json',
34 silly get     'last-modified': 'Wed, 04 Oct 2017 11:03:07 GMT',
34 silly get     etag: 'W/"59d4bfeb-92594"',
34 silly get     'content-encoding': 'gzip',
34 silly get     'cache-control': 'max-age=300',
34 silly get     'content-length': '46433',
34 silly get     'accept-ranges': 'bytes',
34 silly get     date: 'Wed, 04 Oct 2017 18:01:20 GMT',
34 silly get     via: '1.1 varnish',
34 silly get     age: '190',
34 silly get     connection: 'keep-alive',
34 silly get     'x-served-by': 'cache-gru17132-GRU',
34 silly get     'x-cache': 'HIT',
34 silly get     'x-cache-hits': '7',
34 silly get     'x-timer': 'S1507140080.169657,VS0,VE0',
34 silly get     vary: 'Accept-Encoding, Accept' } ]
35 verbose get saving express to C:\Users\sbt36831\AppData\Roaming\npm-cache\registry.npmjs.org\express\.cache.json
36 verbose correctMkdir C:\Users\sbt36831\AppData\Roaming\npm-cache correctMkdir not in flight; initializing
37 silly fetchPackageMetaData Error: No compatible version found: express@>=4.0.0<4.0.0
37 silly fetchPackageMetaData Valid install targets:
37 silly fetchPackageMetaData 5.0.0-alpha.6, 5.0.0-alpha.5, 5.0.0-alpha.4, 5.0.0-alpha.3, 5.0.0-alpha.2, 5.0.0-alpha.1, 4.16.1, 4.16.0, 4.15.5, 4.15.4, 4.15.3, 4.15.2, 4.15.1, 4.15.0, 4.14.1, 4.14.0, 4.13.4, 4.13.3, 4.13.2, 4.13.1, 4.13.0, 4.12.4, 4.12.3, 4.12.2, 4.12.1, 4.12.0, 4.11.2, 4.11.1, 4.11.0, 4.10.8, 4.10.7, 4.10.6, 4.10.5, 4.10.4, 4.10.3, 4.10.2, 4.10.1, 4.10.0, 4.9.8, 4.9.7, 4.9.6, 4.9.5, 4.9.4, 4.9.3, 4.9.2, 4.9.1, 4.9.0, 4.8.8, 4.8.7, 4.8.6, 4.8.5, 4.8.4, 4.8.3, 4.8.2, 4.8.1, 4.8.0, 4.7.4, 4.7.3, 4.7.2, 4.7.1, 4.7.0, 4.6.1, 4.6.0, 4.5.1, 4.5.0, 4.4.5, 4.4.4, 4.4.3, 4.4.2, 4.4.1, 4.4.0, 4.3.2, 4.3.1, 4.3.0, 4.2.0, 4.1.2, 4.1.1, 4.1.0, 4.0.0, 4.0.0-rc4, 4.0.0-rc3, 4.0.0-rc2, 4.0.0-rc1, 3.21.2, 3.21.1, 3.21.0, 3.20.3, 3.20.2, 3.20.1, 3.20.0, 3.19.2, 3.19.1, 3.19.0, 3.18.6, 3.18.5, 3.18.4, 3.18.3, 3.18.2, 3.18.1, 3.18.0, 3.17.8, 3.17.7, 3.17.6, 3.17.5, 3.17.4, 3.17.3, 3.17.2, 3.17.1, 3.17.0, 3.16.10, 3.16.9, 3.16.8, 3.16.7, 3.16.6, 3.16.5, 3.16.4, 3.16.3, 3.16.2, 3.16.1, 3.16.0, 3.15.3, 3.15.2, 3.15.1, 3.15.0, 3.14.0, 3.13.0, 3.12.1, 3.12.0, 3.11.0, 3.10.5, 3.10.4, 3.10.3, 3.10.2, 3.10.1, 3.10.0, 3.9.0, 3.8.1, 3.8.0, 3.7.0, 3.6.0, 3.5.3, 3.5.2, 3.5.1, 3.5.0, 3.4.8, 3.4.7, 3.4.6, 3.4.5, 3.4.4, 3.4.3, 3.4.2, 3.4.1, 3.4.0, 3.3.8, 3.3.7, 3.3.6, 3.3.5, 3.3.4, 3.3.3, 3.3.2, 3.3.1, 3.3.0, 3.2.6, 3.2.5, 3.2.4, 3.2.3, 3.2.2, 3.2.1, 3.2.0, 3.1.2, 3.1.1, 3.1.0, 3.0.6, 3.0.5, 3.0.4, 3.0.3, 3.0.2, 3.0.1, 3.0.0, 3.0.0-rc5, 3.0.0-rc4, 3.0.0-rc3, 3.0.0-rc2, 3.0.0-rc1, 3.0.0-beta7, 3.0.0-beta6, 3.0.0-beta4, 3.0.0-beta3, 3.0.0-beta2, 3.0.0-beta1, 3.0.0-alpha5, 3.0.0-alpha4, 3.0.0-alpha3, 3.0.0-alpha2, 3.0.0-alpha1, 2.5.11, 2.5.10, 2.5.9, 2.5.8, 2.5.7, 2.5.6, 2.5.5, 2.5.4, 2.5.3, 2.5.2, 2.5.1, 2.5.0, 2.4.7, 2.4.6, 2.4.5, 2.4.4, 2.4.3, 2.4.2, 2.4.1, 2.4.0, 2.3.12, 2.3.11, 2.3.10, 2.3.9, 2.3.8, 2.3.7, 2.3.6, 2.3.5, 2.3.4, 2.3.3, 2.3.2, 2.3.1, 2.3.0, 2.2.2, 2.2.1, 2.2.0, 2.1.1, 2.1.0, 2.0.0, 2.0.0-rc3, 2.0.0-rc2, 2.0.0-rc, 2.0.0-beta3, 2.0.0-beta2, 2.0.0-beta, 1.0.8, 1.0.7, 1.0.6, 1.0.5, 1.0.4, 1.0.3, 1.0.2, 1.0.1, 1.0.0, 1.0.0-rc4, 1.0.0-rc3, 1.0.0-rc2, 1.0.0-rc, 1.0.0-beta2, 1.0.0-beta, 0.14.1, 0.14.0
37 silly fetchPackageMetaData
37 silly fetchPackageMetaData     at pickVersionFromRegistryDocument (C:\Program Files\nodejs\node_modules\npm\lib\fetch-package-metadata.js:178:16)
37 silly fetchPackageMetaData     at C:\Program Files\nodejs\node_modules\npm\node_modules\iferr\index.js:13:50
37 silly fetchPackageMetaData     at C:\Program Files\nodejs\node_modules\npm\lib\utils\pulse-till-done.js:20:8
37 silly fetchPackageMetaData     at saved (C:\Program Files\nodejs\node_modules\npm\lib\cache\caching-client.js:174:7)
37 silly fetchPackageMetaData     at C:\Program Files\nodejs\node_modules\npm\node_modules\graceful-fs\polyfills.js:241:18
37 silly fetchPackageMetaData     at FSReqWrap.oncomplete (fs.js:123:15)
37 silly fetchPackageMetaData  error for express@>=4.0.0<4.0.0 { Error: No compatible version found: express@>=4.0.0<4.0.0
37 silly fetchPackageMetaData Valid install targets:
37 silly fetchPackageMetaData 5.0.0-alpha.6, 5.0.0-alpha.5, 5.0.0-alpha.4, 5.0.0-alpha.3, 5.0.0-alpha.2, 5.0.0-alpha.1, 4.16.1, 4.16.0, 4.15.5, 4.15.4, 4.15.3, 4.15.2, 4.15.1, 4.15.0, 4.14.1, 4.14.0, 4.13.4, 4.13.3, 4.13.2, 4.13.1, 4.13.0, 4.12.4, 4.12.3, 4.12.2, 4.12.1, 4.12.0, 4.11.2, 4.11.1, 4.11.0, 4.10.8, 4.10.7, 4.10.6, 4.10.5, 4.10.4, 4.10.3, 4.10.2, 4.10.1, 4.10.0, 4.9.8, 4.9.7, 4.9.6, 4.9.5, 4.9.4, 4.9.3, 4.9.2, 4.9.1, 4.9.0, 4.8.8, 4.8.7, 4.8.6, 4.8.5, 4.8.4, 4.8.3, 4.8.2, 4.8.1, 4.8.0, 4.7.4, 4.7.3, 4.7.2, 4.7.1, 4.7.0, 4.6.1, 4.6.0, 4.5.1, 4.5.0, 4.4.5, 4.4.4, 4.4.3, 4.4.2, 4.4.1, 4.4.0, 4.3.2, 4.3.1, 4.3.0, 4.2.0, 4.1.2, 4.1.1, 4.1.0, 4.0.0, 4.0.0-rc4, 4.0.0-rc3, 4.0.0-rc2, 4.0.0-rc1, 3.21.2, 3.21.1, 3.21.0, 3.20.3, 3.20.2, 3.20.1, 3.20.0, 3.19.2, 3.19.1, 3.19.0, 3.18.6, 3.18.5, 3.18.4, 3.18.3, 3.18.2, 3.18.1, 3.18.0, 3.17.8, 3.17.7, 3.17.6, 3.17.5, 3.17.4, 3.17.3, 3.17.2, 3.17.1, 3.17.0, 3.16.10, 3.16.9, 3.16.8, 3.16.7, 3.16.6, 3.16.5, 3.16.4, 3.16.3, 3.16.2, 3.16.1, 3.16.0, 3.15.3, 3.15.2, 3.15.1, 3.15.0, 3.14.0, 3.13.0, 3.12.1, 3.12.0, 3.11.0, 3.10.5, 3.10.4, 3.10.3, 3.10.2, 3.10.1, 3.10.0, 3.9.0, 3.8.1, 3.8.0, 3.7.0, 3.6.0, 3.5.3, 3.5.2, 3.5.1, 3.5.0, 3.4.8, 3.4.7, 3.4.6, 3.4.5, 3.4.4, 3.4.3, 3.4.2, 3.4.1, 3.4.0, 3.3.8, 3.3.7, 3.3.6, 3.3.5, 3.3.4, 3.3.3, 3.3.2, 3.3.1, 3.3.0, 3.2.6, 3.2.5, 3.2.4, 3.2.3, 3.2.2, 3.2.1, 3.2.0, 3.1.2, 3.1.1, 3.1.0, 3.0.6, 3.0.5, 3.0.4, 3.0.3, 3.0.2, 3.0.1, 3.0.0, 3.0.0-rc5, 3.0.0-rc4, 3.0.0-rc3, 3.0.0-rc2, 3.0.0-rc1, 3.0.0-beta7, 3.0.0-beta6, 3.0.0-beta4, 3.0.0-beta3, 3.0.0-beta2, 3.0.0-beta1, 3.0.0-alpha5, 3.0.0-alpha4, 3.0.0-alpha3, 3.0.0-alpha2, 3.0.0-alpha1, 2.5.11, 2.5.10, 2.5.9, 2.5.8, 2.5.7, 2.5.6, 2.5.5, 2.5.4, 2.5.3, 2.5.2, 2.5.1, 2.5.0, 2.4.7, 2.4.6, 2.4.5, 2.4.4, 2.4.3, 2.4.2, 2.4.1, 2.4.0, 2.3.12, 2.3.11, 2.3.10, 2.3.9, 2.3.8, 2.3.7, 2.3.6, 2.3.5, 2.3.4, 2.3.3, 2.3.2, 2.3.1, 2.3.0, 2.2.2, 2.2.1, 2.2.0, 2.1.1, 2.1.0, 2.0.0, 2.0.0-rc3, 2.0.0-rc2, 2.0.0-rc, 2.0.0-beta3, 2.0.0-beta2, 2.0.0-beta, 1.0.8, 1.0.7, 1.0.6, 1.0.5, 1.0.4, 1.0.3, 1.0.2, 1.0.1, 1.0.0, 1.0.0-rc4, 1.0.0-rc3, 1.0.0-rc2, 1.0.0-rc, 1.0.0-beta2, 1.0.0-beta, 0.14.1, 0.14.0
37 silly fetchPackageMetaData
37 silly fetchPackageMetaData     at pickVersionFromRegistryDocument (C:\Program Files\nodejs\node_modules\npm\lib\fetch-package-metadata.js:178:16)
37 silly fetchPackageMetaData     at C:\Program Files\nodejs\node_modules\npm\node_modules\iferr\index.js:13:50
37 silly fetchPackageMetaData     at C:\Program Files\nodejs\node_modules\npm\lib\utils\pulse-till-done.js:20:8
37 silly fetchPackageMetaData     at saved (C:\Program Files\nodejs\node_modules\npm\lib\cache\caching-client.js:174:7)
37 silly fetchPackageMetaData     at C:\Program Files\nodejs\node_modules\npm\node_modules\graceful-fs\polyfills.js:241:18
37 silly fetchPackageMetaData     at FSReqWrap.oncomplete (fs.js:123:15) code: 'ETARGET' }
38 silly rollbackFailedOptional Starting
39 silly rollbackFailedOptional Finishing
40 silly runTopLevelLifecycles Finishing
41 silly install printInstalled
42 verbose stack Error: No compatible version found: express@>=4.0.0<4.0.0
42 verbose stack Valid install targets:
42 verbose stack 5.0.0-alpha.6, 5.0.0-alpha.5, 5.0.0-alpha.4, 5.0.0-alpha.3, 5.0.0-alpha.2, 5.0.0-alpha.1, 4.16.1, 4.16.0, 4.15.5, 4.15.4, 4.15.3, 4.15.2, 4.15.1, 4.15.0, 4.14.1, 4.14.0, 4.13.4, 4.13.3, 4.13.2, 4.13.1, 4.13.0, 4.12.4, 4.12.3, 4.12.2, 4.12.1, 4.12.0, 4.11.2, 4.11.1, 4.11.0, 4.10.8, 4.10.7, 4.10.6, 4.10.5, 4.10.4, 4.10.3, 4.10.2, 4.10.1, 4.10.0, 4.9.8, 4.9.7, 4.9.6, 4.9.5, 4.9.4, 4.9.3, 4.9.2, 4.9.1, 4.9.0, 4.8.8, 4.8.7, 4.8.6, 4.8.5, 4.8.4, 4.8.3, 4.8.2, 4.8.1, 4.8.0, 4.7.4, 4.7.3, 4.7.2, 4.7.1, 4.7.0, 4.6.1, 4.6.0, 4.5.1, 4.5.0, 4.4.5, 4.4.4, 4.4.3, 4.4.2, 4.4.1, 4.4.0, 4.3.2, 4.3.1, 4.3.0, 4.2.0, 4.1.2, 4.1.1, 4.1.0, 4.0.0, 4.0.0-rc4, 4.0.0-rc3, 4.0.0-rc2, 4.0.0-rc1, 3.21.2, 3.21.1, 3.21.0, 3.20.3, 3.20.2, 3.20.1, 3.20.0, 3.19.2, 3.19.1, 3.19.0, 3.18.6, 3.18.5, 3.18.4, 3.18.3, 3.18.2, 3.18.1, 3.18.0, 3.17.8, 3.17.7, 3.17.6, 3.17.5, 3.17.4, 3.17.3, 3.17.2, 3.17.1, 3.17.0, 3.16.10, 3.16.9, 3.16.8, 3.16.7, 3.16.6, 3.16.5, 3.16.4, 3.16.3, 3.16.2, 3.16.1, 3.16.0, 3.15.3, 3.15.2, 3.15.1, 3.15.0, 3.14.0, 3.13.0, 3.12.1, 3.12.0, 3.11.0, 3.10.5, 3.10.4, 3.10.3, 3.10.2, 3.10.1, 3.10.0, 3.9.0, 3.8.1, 3.8.0, 3.7.0, 3.6.0, 3.5.3, 3.5.2, 3.5.1, 3.5.0, 3.4.8, 3.4.7, 3.4.6, 3.4.5, 3.4.4, 3.4.3, 3.4.2, 3.4.1, 3.4.0, 3.3.8, 3.3.7, 3.3.6, 3.3.5, 3.3.4, 3.3.3, 3.3.2, 3.3.1, 3.3.0, 3.2.6, 3.2.5, 3.2.4, 3.2.3, 3.2.2, 3.2.1, 3.2.0, 3.1.2, 3.1.1, 3.1.0, 3.0.6, 3.0.5, 3.0.4, 3.0.3, 3.0.2, 3.0.1, 3.0.0, 3.0.0-rc5, 3.0.0-rc4, 3.0.0-rc3, 3.0.0-rc2, 3.0.0-rc1, 3.0.0-beta7, 3.0.0-beta6, 3.0.0-beta4, 3.0.0-beta3, 3.0.0-beta2, 3.0.0-beta1, 3.0.0-alpha5, 3.0.0-alpha4, 3.0.0-alpha3, 3.0.0-alpha2, 3.0.0-alpha1, 2.5.11, 2.5.10, 2.5.9, 2.5.8, 2.5.7, 2.5.6, 2.5.5, 2.5.4, 2.5.3, 2.5.2, 2.5.1, 2.5.0, 2.4.7, 2.4.6, 2.4.5, 2.4.4, 2.4.3, 2.4.2, 2.4.1, 2.4.0, 2.3.12, 2.3.11, 2.3.10, 2.3.9, 2.3.8, 2.3.7, 2.3.6, 2.3.5, 2.3.4, 2.3.3, 2.3.2, 2.3.1, 2.3.0, 2.2.2, 2.2.1, 2.2.0, 2.1.1, 2.1.0, 2.0.0, 2.0.0-rc3, 2.0.0-rc2, 2.0.0-rc, 2.0.0-beta3, 2.0.0-beta2, 2.0.0-beta, 1.0.8, 1.0.7, 1.0.6, 1.0.5, 1.0.4, 1.0.3, 1.0.2, 1.0.1, 1.0.0, 1.0.0-rc4, 1.0.0-rc3, 1.0.0-rc2, 1.0.0-rc, 1.0.0-beta2, 1.0.0-beta, 0.14.1, 0.14.0
42 verbose stack
42 verbose stack     at pickVersionFromRegistryDocument (C:\Program Files\nodejs\node_modules\npm\lib\fetch-package-metadata.js:178:16)
42 verbose stack     at C:\Program Files\nodejs\node_modules\npm\node_modules\iferr\index.js:13:50
42 verbose stack     at C:\Program Files\nodejs\node_modules\npm\lib\utils\pulse-till-done.js:20:8
42 verbose stack     at saved (C:\Program Files\nodejs\node_modules\npm\lib\cache\caching-client.js:174:7)
42 verbose stack     at C:\Program Files\nodejs\node_modules\npm\node_modules\graceful-fs\polyfills.js:241:18
42 verbose stack     at FSReqWrap.oncomplete (fs.js:123:15)
43 verbose cwd C:\Users\sbt36831\ListaTelefonica-AngularJS\assets\js
44 error Windows_NT 6.1.7601
45 error argv "C:\\Program Files\\nodejs\\node.exe" "C:\\Program Files\\nodejs\\node_modules\\npm\\bin\\npm-cli.js" "install" "express@>=4.0.0<4.0.0" "--save"
46 error node v6.11.4
47 error npm  v3.10.10
48 error code ETARGET
49 error notarget No compatible version found: express@>=4.0.0<4.0.0
49 error notarget Valid install targets:
49 error notarget 5.0.0-alpha.6, 5.0.0-alpha.5, 5.0.0-alpha.4, 5.0.0-alpha.3, 5.0.0-alpha.2, 5.0.0-alpha.1, 4.16.1, 4.16.0, 4.15.5, 4.15.4, 4.15.3, 4.15.2, 4.15.1, 4.15.0, 4.14.1, 4.14.0, 4.13.4, 4.13.3, 4.13.2, 4.13.1, 4.13.0, 4.12.4, 4.12.3, 4.12.2, 4.12.1, 4.12.0, 4.11.2, 4.11.1, 4.11.0, 4.10.8, 4.10.7, 4.10.6, 4.10.5, 4.10.4, 4.10.3, 4.10.2, 4.10.1, 4.10.0, 4.9.8, 4.9.7, 4.9.6, 4.9.5, 4.9.4, 4.9.3, 4.9.2, 4.9.1, 4.9.0, 4.8.8, 4.8.7, 4.8.6, 4.8.5, 4.8.4, 4.8.3, 4.8.2, 4.8.1, 4.8.0, 4.7.4, 4.7.3, 4.7.2, 4.7.1, 4.7.0, 4.6.1, 4.6.0, 4.5.1, 4.5.0, 4.4.5, 4.4.4, 4.4.3, 4.4.2, 4.4.1, 4.4.0, 4.3.2, 4.3.1, 4.3.0, 4.2.0, 4.1.2, 4.1.1, 4.1.0, 4.0.0, 4.0.0-rc4, 4.0.0-rc3, 4.0.0-rc2, 4.0.0-rc1, 3.21.2, 3.21.1, 3.21.0, 3.20.3, 3.20.2, 3.20.1, 3.20.0, 3.19.2, 3.19.1, 3.19.0, 3.18.6, 3.18.5, 3.18.4, 3.18.3, 3.18.2, 3.18.1, 3.18.0, 3.17.8, 3.17.7, 3.17.6, 3.17.5, 3.17.4, 3.17.3, 3.17.2, 3.17.1, 3.17.0, 3.16.10, 3.16.9, 3.16.8, 3.16.7, 3.16.6, 3.16.5, 3.16.4, 3.16.3, 3.16.2, 3.16.1, 3.16.0, 3.15.3, 3.15.2, 3.15.1, 3.15.0, 3.14.0, 3.13.0, 3.12.1, 3.12.0, 3.11.0, 3.10.5, 3.10.4, 3.10.3, 3.10.2, 3.10.1, 3.10.0, 3.9.0, 3.8.1, 3.8.0, 3.7.0, 3.6.0, 3.5.3, 3.5.2, 3.5.1, 3.5.0, 3.4.8, 3.4.7, 3.4.6, 3.4.5, 3.4.4, 3.4.3, 3.4.2, 3.4.1, 3.4.0, 3.3.8, 3.3.7, 3.3.6, 3.3.5, 3.3.4, 3.3.3, 3.3.2, 3.3.1, 3.3.0, 3.2.6, 3.2.5, 3.2.4, 3.2.3, 3.2.2, 3.2.1, 3.2.0, 3.1.2, 3.1.1, 3.1.0, 3.0.6, 3.0.5, 3.0.4, 3.0.3, 3.0.2, 3.0.1, 3.0.0, 3.0.0-rc5, 3.0.0-rc4, 3.0.0-rc3, 3.0.0-rc2, 3.0.0-rc1, 3.0.0-beta7, 3.0.0-beta6, 3.0.0-beta4, 3.0.0-beta3, 3.0.0-beta2, 3.0.0-beta1, 3.0.0-alpha5, 3.0.0-alpha4, 3.0.0-alpha3, 3.0.0-alpha2, 3.0.0-alpha1, 2.5.11, 2.5.10, 2.5.9, 2.5.8, 2.5.7, 2.5.6, 2.5.5, 2.5.4, 2.5.3, 2.5.2, 2.5.1, 2.5.0, 2.4.7, 2.4.6, 2.4.5, 2.4.4, 2.4.3, 2.4.2, 2.4.1, 2.4.0, 2.3.12, 2.3.11, 2.3.10, 2.3.9, 2.3.8, 2.3.7, 2.3.6, 2.3.5, 2.3.4, 2.3.3, 2.3.2, 2.3.1, 2.3.0, 2.2.2, 2.2.1, 2.2.0, 2.1.1, 2.1.0, 2.0.0, 2.0.0-rc3, 2.0.0-rc2, 2.0.0-rc, 2.0.0-beta3, 2.0.0-beta2, 2.0.0-beta, 1.0.8, 1.0.7, 1.0.6, 1.0.5, 1.0.4, 1.0.3, 1.0.2, 1.0.1, 1.0.0, 1.0.0-rc4, 1.0.0-rc3, 1.0.0-rc2, 1.0.0-rc, 1.0.0-beta2, 1.0.0-beta, 0.14.1, 0.14.0
50 error notarget This is most likely not a problem with npm itself.
50 error notarget In most cases you or one of your dependencies are requesting
50 error notarget a package version that doesn't exist.
51 verbose exit [ 1, true ]
